2016-04-29 09:11:14 ERROR Main:70 - 
java.io.FileNotFoundException: names.txt (The system cannot find the file specified)
	at java.io.FileInputStream.open(Native Method)
	at java.io.FileInputStream.<init>(Unknown Source)
	at java.io.FileReader.<init>(Unknown Source)
	at com.dgitsystems.codingtest.countwords.main.Main.main(Main.java:52)
2016-04-29 09:16:30 ERROR Main:75 - 
java.io.FileNotFoundException: names.txt (The system cannot find the file specified)
	at java.io.FileInputStream.open(Native Method)
	at java.io.FileInputStream.<init>(Unknown Source)
	at java.io.FileReader.<init>(Unknown Source)
	at com.dgitsystems.codingtest.countwords.main.Main.main(Main.java:52)
2016-04-29 09:17:30 ERROR Main:75 - 
java.io.FileNotFoundException: names.txt (The system cannot find the file specified)
	at java.io.FileInputStream.open(Native Method)
	at java.io.FileInputStream.<init>(Unknown Source)
	at java.io.FileReader.<init>(Unknown Source)
	at com.dgitsystems.codingtest.countwords.main.Main.main(Main.java:52)
2016-04-29 09:19:49 ERROR Main:75 - 
java.io.FileNotFoundException: names.txt (The system cannot find the file specified)
	at java.io.FileInputStream.open(Native Method)
	at java.io.FileInputStream.<init>(Unknown Source)
	at java.io.FileReader.<init>(Unknown Source)
	at com.dgitsystems.codingtest.countwords.main.Main.main(Main.java:52)
2016-04-29 09:20:28 INFO  FindWordsLongerThanSpecifiedCharacters:28 - Words longer than 5 characters: Marvin
2016-04-29 09:20:28 INFO  FindWordsLongerThanSpecifiedCharacters:28 - Words longer than 5 characters: Manazir
2016-04-29 09:20:28 INFO  FindWordsLongerThanSpecifiedCharacters:28 - Words longer than 5 characters: Fredrick
